<?xml version="1.0" encoding="UTF-8" ?>
<testsuite tests="25" failures="2" name="runner.TestRunner" time="0.059" errors="0" skipped="6">
  <properties>
    <property name="java.runtime.name" value="Java(TM) SE Runtime Environment"/>
    <property name="java.vm.version" value="9.0.4+11"/>
    <property name="sun.boot.library.path" value="/Library/Java/JavaVirtualMachines/jdk-9.0.4.jdk/Contents/Home/lib"/>
    <property name="gopherProxySet" value="false"/>
    <property name="maven.multiModuleProjectDirectory" value="/Users/guilhermerogatto/Documents/git/dextra_automacao"/>
    <property name="java.vm.vendor" value="Oracle Corporation"/>
    <property name="java.vendor.url" value="http://java.oracle.com/"/>
    <property name="guice.disable.misplaced.annotation.check" value="true"/>
    <property name="path.separator" value=":"/>
    <property name="java.vm.name" value="Java HotSpot(TM) 64-Bit Server VM"/>
    <property name="file.encoding.pkg" value="sun.io"/>
    <property name="sun.os.patch.level" value="unknown"/>
    <property name="user.country" value="BR"/>
    <property name="sun.java.launcher" value="SUN_STANDARD"/>
    <property name="java.vm.specification.name" value="Java Virtual Machine Specification"/>
    <property name="user.dir" value="/Users/guilhermerogatto/Documents/git/dextra_automacao"/>
    <property name="java.vm.compressedOopsMode" value="Zero based"/>
    <property name="java.runtime.version" value="9.0.4+11"/>
    <property name="java.awt.graphicsenv" value="sun.awt.CGraphicsEnvironment"/>
    <property name="os.arch" value="x86_64"/>
    <property name="java.io.tmpdir" value="/var/folders/07/km6fd60n0hv6x6g54m725r140000gn/T/"/>
    <property name="line.separator" value="
"/>
    <property name="java.vm.specification.vendor" value="Oracle Corporation"/>
    <property name="os.name" value="Mac OS X"/>
    <property name="classworlds.conf" value="/Users/guilhermerogatto/Documents/apache-maven-3.6.0/bin/m2.conf"/>
    <property name="sun.jnu.encoding" value="UTF-8"/>
    <property name="java.library.path" value="/Users/guilhermerogatto/Library/Java/Extensions:/Library/Java/Extensions:/Network/Library/Java/Extensions:/System/Library/Java/Extensions:/usr/lib/java:."/>
    <property name="maven.conf" value="/Users/guilhermerogatto/Documents/apache-maven-3.6.0/conf"/>
    <property name="jdk.debug" value="release"/>
    <property name="java.class.version" value="53.0"/>
    <property name="java.specification.name" value="Java Platform API Specification"/>
    <property name="sun.management.compiler" value="HotSpot 64-Bit Tiered Compilers"/>
    <property name="os.version" value="10.14.2"/>
    <property name="library.jansi.path" value="/Users/guilhermerogatto/Documents/apache-maven-3.6.0/lib/jansi-native"/>
    <property name="http.nonProxyHosts" value="local|*.local|169.254/16|*.169.254/16"/>
    <property name="user.home" value="/Users/guilhermerogatto"/>
    <property name="user.timezone" value="America/Sao_Paulo"/>
    <property name="java.awt.printerjob" value="sun.lwawt.macosx.CPrinterJob"/>
    <property name="file.encoding" value="UTF-8"/>
    <property name="java.specification.version" value="9"/>
    <property name="user.name" value="guilhermerogatto"/>
    <property name="java.class.path" value="/Users/guilhermerogatto/Documents/apache-maven-3.6.0/boot/plexus-classworlds-2.5.2.jar"/>
    <property name="java.vm.specification.version" value="9"/>
    <property name="sun.arch.data.model" value="64"/>
    <property name="sun.java.command" value="org.codehaus.plexus.classworlds.launcher.Launcher clean install"/>
    <property name="java.home" value="/Library/Java/JavaVirtualMachines/jdk-9.0.4.jdk/Contents/Home"/>
    <property name="user.language" value="en"/>
    <property name="java.specification.vendor" value="Oracle Corporation"/>
    <property name="awt.toolkit" value="sun.lwawt.macosx.LWCToolkit"/>
    <property name="java.vm.info" value="mixed mode"/>
    <property name="java.version" value="9.0.4"/>
    <property name="java.vendor" value="Oracle Corporation"/>
    <property name="maven.home" value="/Users/guilhermerogatto/Documents/apache-maven-3.6.0"/>
    <property name="file.separator" value="/"/>
    <property name="java.vendor.url.bug" value="http://bugreport.java.com/bugreport/"/>
    <property name="sun.io.unicode.encoding" value="UnicodeBig"/>
    <property name="sun.cpu.endian" value="little"/>
    <property name="socksNonProxyHosts" value="local|*.local|169.254/16|*.169.254/16"/>
    <property name="ftp.nonProxyHosts" value="local|*.local|169.254/16|*.169.254/16"/>
    <property name="sun.cpu.isalist" value=""/>
  </properties>
  <testcase classname="Scenario: Cadastrar novo login com email teste@hotmail.com" name="Given que estou na tela principal do americanas1" time="0.003"/>
  <testcase classname="Scenario: Cadastrar novo login com email teste@hotmail.com" name="When clico no link Cliente novo? Cadastrar antes de clicar faca login ou cadastre-se1" time="0"/>
  <testcase classname="Scenario: Cadastrar novo login com email teste@hotmail.com" name="And informo o campo email com o valor de teste@hotmail.com os demais campos devem estar corretos" time="0"/>
  <testcase classname="Scenario: Cadastrar novo login com email teste@hotmail.com" name="Then a mensagem de e-mail já cadastrado deve aparecer" time="0"/>
  <testcase classname="Scenario: Cadastrar novo login com email teste@hotmail.com" name="Scenario: Cadastrar novo login com email teste@hotmail.com" time="0.001"/>
  <testcase classname="Scenario: Cadastro de novo login inserir uma senha com 2 caracteres" name="Given que estou na tela principal do americanas2" time="0.002"/>
  <testcase classname="Scenario: Cadastro de novo login inserir uma senha com 2 caracteres" name="When clico no link Cliente novo Cadastrar antes de clicar faca login ou cadastre-se2" time="0"/>
  <testcase classname="Scenario: Cadastro de novo login inserir uma senha com 2 caracteres" name="And informo o campo senha com dois caracteres os demais campos devem estar corretos" time="0"/>
  <testcase classname="Scenario: Cadastro de novo login inserir uma senha com 2 caracteres" name="Then a mensagem Senha Fraca e Senha precisa ter entre 6 a 50 caracteres deve aparecer" time="0"/>
  <testcase classname="Scenario: Cadastro de novo login inserir uma senha com 2 caracteres" name="Scenario: Cadastro de novo login inserir uma senha com 2 caracteres" time="0"/>
  <testcase classname="Scenario: Cadastro de novo login inserir cpf invalido" name="Given que estou na tela principal do americanas3" time="0"/>
  <testcase classname="Scenario: Cadastro de novo login inserir cpf invalido" name="When clico no link Cliente novo? Cadastrar antes de clicar faca login ou cadastre-se3" time="0"/>
  <testcase classname="Scenario: Cadastro de novo login inserir cpf invalido" name="And informo o campo cpf com um cpf invalido" time="0"/>
  <testcase classname="Scenario: Cadastro de novo login inserir cpf invalido" name="Then a mensagem Campo inválido deve aparecer" time="0.006">
    <failure type="java.lang.AssertionError">java.lang.AssertionError
	at org.junit.Assert.fail(Assert.java:86)
	at org.junit.Assert.assertTrue(Assert.java:41)
	at org.junit.Assert.assertTrue(Assert.java:52)
	at steps.steps_parte1_cenario03.a_mensagem_deve_aparecer(steps_parte1_cenario03.java:73)
	at ✽.Then a mensagem Campo inválido deve aparecer(parte1_cenario03.feature:8)
</failure>
  </testcase>
  <testcase classname="Scenario: Cadastro de novo login inserir cpf invalido" name="Scenario: Cadastro de novo login inserir cpf invalido" time="0.007">
    <failure type="java.lang.AssertionError">java.lang.AssertionError
	at org.junit.Assert.fail(Assert.java:86)
	at org.junit.Assert.assertTrue(Assert.java:41)
	at org.junit.Assert.assertTrue(Assert.java:52)
	at steps.steps_parte1_cenario03.a_mensagem_deve_aparecer(steps_parte1_cenario03.java:73)
	at ✽.Then a mensagem Campo inválido deve aparecer(parte1_cenario03.feature:8)
</failure>
  </testcase>
  <testcase classname="Scenario: Cadastro de novo login e validacoes" name="Given que estou na tela principal do americanas4" time="0"/>
  <testcase classname="Scenario: Cadastro de novo login e validacoes" name="When clico no link Cliente novo? Cadastrar antes de clicar faca login ou cadastre-se4" time="0"/>
  <testcase classname="Scenario: Cadastro de novo login e validacoes" name="And informo todos os campos corretamente salvando novo usuario" time="0"/>
  <testcase classname="Scenario: Cadastro de novo login e validacoes" name="And logado na aplicacao fazer busca pelo texto Moto G6" time="0.001">
    <skipped/>
  </testcase>
  <testcase classname="Scenario: Cadastro de novo login e validacoes" name="And adiciono dois produtos a sua cesta" time="0.004">
    <skipped/>
  </testcase>
  <testcase classname="Scenario: Cadastro de novo login e validacoes" name="And valido que o total da compra é inferior a 5 mil reais" time="0.005">
    <skipped/>
  </testcase>
  <testcase classname="Scenario: Cadastro de novo login e validacoes" name="And valido que a compra pode ser dividida em até 10x sem juros." time="0.006">
    <skipped/>
  </testcase>
  <testcase classname="Scenario: Cadastro de novo login e validacoes" name="Then deve fechar o navegador apos essa acao" time="0.008">
    <skipped/>
  </testcase>
  <testcase classname="Scenario: Cadastro de novo login e validacoes" name="Scenario: Cadastro de novo login e validacoes" time="0.008">
    <skipped/>
  </testcase>
  <testcase classname="Scenario: Cadastro de novo login e validacoes" name="Scenario: Cadastro de novo login e validacoes" time="0.008"/>
</testsuite>